Dec 29 2016 08:42:56
{"Number":8,"Message":"unserialize(): Error at offset 242 of 257 bytes","File":"\/var\/www\/html\/wp-content\/plugins\/all-in-one-wp-migration\/lib\/vendor\/servmask\/database\/class-ai1wm-database-utility.php","Line":56}

Dec 29 2016 08:42:59
{"Number":1024,"Message":"class-feed.php \u306e\u4f7f\u7528\u306f\u30d0\u30fc\u30b8\u30e7\u30f3 4.7.0 \u304b\u3089<strong>\u975e\u63a8\u5968<\/strong>\u306b\u306a\u3063\u3066\u3044\u307e\u3059! \u4ee3\u308f\u308a\u306b fetch_feed() \u3092\u4f7f\u3063\u3066\u304f\u3060\u3055\u3044\u3002","File":"\/var\/www\/html\/wp-includes\/functions.php","Line":3911}

Dec 29 2016 08:43:02
{"Number":2,"Message":"unlink(\/var\/www\/html\/wp-content\/plugins\/all-in-one-wp-migration\/storage\/jkc1mwhqr0pg\/import.log): No such file or directory","File":"\/var\/www\/html\/wp-content\/plugins\/all-in-one-wp-migration\/lib\/model\/import\/class-ai1wm-import-clean.php","Line":31}

Dec 29 2016 08:43:04
{"Number":2,"Message":"unlink(\/var\/www\/html\/wp-content\/plugins\/all-in-one-wp-migration\/storage\/jkc1mwhqr0pg\/import.log): No such file or directory","File":"\/var\/www\/html\/wp-content\/plugins\/all-in-one-wp-migration\/lib\/model\/import\/class-ai1wm-import-clean.php","Line":31}

Dec 29 2016 08:43:08
{"Number":2,"Message":"unlink(\/var\/www\/html\/wp-content\/plugins\/all-in-one-wp-migration\/storage\/jkc1mwhqr0pg\/import.log): No such file or directory","File":"\/var\/www\/html\/wp-content\/plugins\/all-in-one-wp-migration\/lib\/model\/import\/class-ai1wm-import-clean.php","Line":31}

Dec 29 2016 08:43:12
{"Number":2,"Message":"unlink(\/var\/www\/html\/wp-content\/plugins\/all-in-one-wp-migration\/storage\/jkc1mwhqr0pg\/import.log): No such file or directory","File":"\/var\/www\/html\/wp-content\/plugins\/all-in-one-wp-migration\/lib\/model\/import\/class-ai1wm-import-clean.php","Line":31}

Dec 29 2016 08:43:17
{"Number":2,"Message":"unlink(\/var\/www\/html\/wp-content\/plugins\/all-in-one-wp-migration\/storage\/jkc1mwhqr0pg\/import.log): No such file or directory","File":"\/var\/www\/html\/wp-content\/plugins\/all-in-one-wp-migration\/lib\/model\/import\/class-ai1wm-import-clean.php","Line":31}

Dec 29 2016 08:43:25
{"Number":2,"Message":"unlink(\/var\/www\/html\/wp-content\/plugins\/all-in-one-wp-migration\/storage\/jkc1mwhqr0pg\/import.log): No such file or directory","File":"\/var\/www\/html\/wp-content\/plugins\/all-in-one-wp-migration\/lib\/model\/import\/class-ai1wm-import-clean.php","Line":31}

Jan 01 2017 12:53:41
{"Number":8,"Message":"unserialize(): Error at offset 242 of 257 bytes","File":"\/var\/www\/html\/wp-content\/plugins\/all-in-one-wp-migration\/lib\/vendor\/servmask\/database\/class-ai1wm-database-utility.php","Line":56}

Jan 01 2017 12:53:43
{"Number":1024,"Message":"class-feed.php \u306e\u4f7f\u7528\u306f\u30d0\u30fc\u30b8\u30e7\u30f3 4.7.0 \u304b\u3089<strong>\u975e\u63a8\u5968<\/strong>\u306b\u306a\u3063\u3066\u3044\u307e\u3059! \u4ee3\u308f\u308a\u306b fetch_feed() \u3092\u4f7f\u3063\u3066\u304f\u3060\u3055\u3044\u3002","File":"\/var\/www\/html\/wp-includes\/functions.php","Line":3911}

Jan 01 2017 12:53:48
{"Number":2,"Message":"unlink(\/var\/www\/html\/wp-content\/plugins\/all-in-one-wp-migration\/storage\/kei5ud9nk76z\/import.log): No such file or directory","File":"\/var\/www\/html\/wp-content\/plugins\/all-in-one-wp-migration\/lib\/model\/import\/class-ai1wm-import-clean.php","Line":31}

Jan 01 2017 12:53:51
{"Number":2,"Message":"unlink(\/var\/www\/html\/wp-content\/plugins\/all-in-one-wp-migration\/storage\/kei5ud9nk76z\/import.log): No such file or directory","File":"\/var\/www\/html\/wp-content\/plugins\/all-in-one-wp-migration\/lib\/model\/import\/class-ai1wm-import-clean.php","Line":31}

Jan 01 2017 12:53:56
{"Number":2,"Message":"unlink(\/var\/www\/html\/wp-content\/plugins\/all-in-one-wp-migration\/storage\/kei5ud9nk76z\/import.log): No such file or directory","File":"\/var\/www\/html\/wp-content\/plugins\/all-in-one-wp-migration\/lib\/model\/import\/class-ai1wm-import-clean.php","Line":31}

Jan 01 2017 12:54:01
{"Number":2,"Message":"unlink(\/var\/www\/html\/wp-content\/plugins\/all-in-one-wp-migration\/storage\/kei5ud9nk76z\/import.log): No such file or directory","File":"\/var\/www\/html\/wp-content\/plugins\/all-in-one-wp-migration\/lib\/model\/import\/class-ai1wm-import-clean.php","Line":31}

Jan 01 2017 12:54:07
{"Number":2,"Message":"unlink(\/var\/www\/html\/wp-content\/plugins\/all-in-one-wp-migration\/storage\/kei5ud9nk76z\/import.log): No such file or directory","File":"\/var\/www\/html\/wp-content\/plugins\/all-in-one-wp-migration\/lib\/model\/import\/class-ai1wm-import-clean.php","Line":31}

Jan 01 2017 12:54:16
{"Number":2,"Message":"unlink(\/var\/www\/html\/wp-content\/plugins\/all-in-one-wp-migration\/storage\/kei5ud9nk76z\/import.log): No such file or directory","File":"\/var\/www\/html\/wp-content\/plugins\/all-in-one-wp-migration\/lib\/model\/import\/class-ai1wm-import-clean.php","Line":31}

Jan 01 2017 23:19:03
{"Number":2,"Message":"unlink(\/var\/www\/html\/wp-content\/plugins\/all-in-one-wp-migration\/storage\/l4g0rsescppw\/export.log): No such file or directory","File":"\/var\/www\/html\/wp-content\/plugins\/all-in-one-wp-migration\/lib\/model\/export\/class-ai1wm-export-clean.php","Line":31}

Jan 01 2017 23:19:06
{"Number":2,"Message":"unlink(\/var\/www\/html\/wp-content\/plugins\/all-in-one-wp-migration\/storage\/l4g0rsescppw\/export.log): No such file or directory","File":"\/var\/www\/html\/wp-content\/plugins\/all-in-one-wp-migration\/lib\/model\/export\/class-ai1wm-export-clean.php","Line":31}

Jan 01 2017 23:19:07
{"Number":2,"Message":"unlink(\/var\/www\/html\/wp-content\/plugins\/all-in-one-wp-migration\/storage\/l4g0rsescppw\/export.log): No such file or directory","File":"\/var\/www\/html\/wp-content\/plugins\/all-in-one-wp-migration\/lib\/model\/export\/class-ai1wm-export-clean.php","Line":31}

Jan 01 2017 23:19:09
{"Number":2,"Message":"unlink(\/var\/www\/html\/wp-content\/plugins\/all-in-one-wp-migration\/storage\/l4g0rsescppw\/export.log): No such file or directory","File":"\/var\/www\/html\/wp-content\/plugins\/all-in-one-wp-migration\/lib\/model\/export\/class-ai1wm-export-clean.php","Line":31}

Jan 01 2017 23:19:11
{"Number":2,"Message":"unlink(\/var\/www\/html\/wp-content\/plugins\/all-in-one-wp-migration\/storage\/l4g0rsescppw\/export.log): No such file or directory","File":"\/var\/www\/html\/wp-content\/plugins\/all-in-one-wp-migration\/lib\/model\/export\/class-ai1wm-export-clean.php","Line":31}

Jan 01 2017 23:19:12
{"Number":2,"Message":"unlink(\/var\/www\/html\/wp-content\/plugins\/all-in-one-wp-migration\/storage\/l4g0rsescppw\/export.log): No such file or directory","File":"\/var\/www\/html\/wp-content\/plugins\/all-in-one-wp-migration\/lib\/model\/export\/class-ai1wm-export-clean.php","Line":31}

Jan 01 2017 23:19:14
{"Number":2,"Message":"unlink(\/var\/www\/html\/wp-content\/plugins\/all-in-one-wp-migration\/storage\/l4g0rsescppw\/export.log): No such file or directory","File":"\/var\/www\/html\/wp-content\/plugins\/all-in-one-wp-migration\/lib\/model\/export\/class-ai1wm-export-clean.php","Line":31}

Jan 01 2017 23:19:15
{"Number":2,"Message":"unlink(\/var\/www\/html\/wp-content\/plugins\/all-in-one-wp-migration\/storage\/l4g0rsescppw\/export.log): No such file or directory","File":"\/var\/www\/html\/wp-content\/plugins\/all-in-one-wp-migration\/lib\/model\/export\/class-ai1wm-export-clean.php","Line":31}

Jan 01 2017 23:19:16
{"Number":2,"Message":"unlink(\/var\/www\/html\/wp-content\/plugins\/all-in-one-wp-migration\/storage\/l4g0rsescppw\/export.log): No such file or directory","File":"\/var\/www\/html\/wp-content\/plugins\/all-in-one-wp-migration\/lib\/model\/export\/class-ai1wm-export-clean.php","Line":31}

Jan 01 2017 23:19:18
{"Number":2,"Message":"unlink(\/var\/www\/html\/wp-content\/plugins\/all-in-one-wp-migration\/storage\/l4g0rsescppw\/export.log): No such file or directory","File":"\/var\/www\/html\/wp-content\/plugins\/all-in-one-wp-migration\/lib\/model\/export\/class-ai1wm-export-clean.php","Line":31}

Jan 01 2017 23:19:19
{"Number":2,"Message":"unlink(\/var\/www\/html\/wp-content\/plugins\/all-in-one-wp-migration\/storage\/l4g0rsescppw\/export.log): No such file or directory","File":"\/var\/www\/html\/wp-content\/plugins\/all-in-one-wp-migration\/lib\/model\/export\/class-ai1wm-export-clean.php","Line":31}

Jan 01 2017 23:19:21
{"Number":2,"Message":"unlink(\/var\/www\/html\/wp-content\/plugins\/all-in-one-wp-migration\/storage\/l4g0rsescppw\/export.log): No such file or directory","File":"\/var\/www\/html\/wp-content\/plugins\/all-in-one-wp-migration\/lib\/model\/export\/class-ai1wm-export-clean.php","Line":31}

Jan 01 2017 23:19:22
{"Number":2,"Message":"unlink(\/var\/www\/html\/wp-content\/plugins\/all-in-one-wp-migration\/storage\/l4g0rsescppw\/export.log): No such file or directory","File":"\/var\/www\/html\/wp-content\/plugins\/all-in-one-wp-migration\/lib\/model\/export\/class-ai1wm-export-clean.php","Line":31}

Jan 01 2017 23:19:23
{"Number":2,"Message":"unlink(\/var\/www\/html\/wp-content\/plugins\/all-in-one-wp-migration\/storage\/l4g0rsescppw\/export.log): No such file or directory","File":"\/var\/www\/html\/wp-content\/plugins\/all-in-one-wp-migration\/lib\/model\/export\/class-ai1wm-export-clean.php","Line":31}

Jan 01 2017 23:19:25
{"Number":2,"Message":"unlink(\/var\/www\/html\/wp-content\/plugins\/all-in-one-wp-migration\/storage\/l4g0rsescppw\/export.log): No such file or directory","File":"\/var\/www\/html\/wp-content\/plugins\/all-in-one-wp-migration\/lib\/model\/export\/class-ai1wm-export-clean.php","Line":31}

Jan 01 2017 23:19:26
{"Number":2,"Message":"unlink(\/var\/www\/html\/wp-content\/plugins\/all-in-one-wp-migration\/storage\/l4g0rsescppw\/export.log): No such file or directory","File":"\/var\/www\/html\/wp-content\/plugins\/all-in-one-wp-migration\/lib\/model\/export\/class-ai1wm-export-clean.php","Line":31}

Jan 01 2017 23:19:28
{"Number":2,"Message":"unlink(\/var\/www\/html\/wp-content\/plugins\/all-in-one-wp-migration\/storage\/l4g0rsescppw\/export.log): No such file or directory","File":"\/var\/www\/html\/wp-content\/plugins\/all-in-one-wp-migration\/lib\/model\/export\/class-ai1wm-export-clean.php","Line":31}

Jan 01 2017 23:19:29
{"Number":2,"Message":"unlink(\/var\/www\/html\/wp-content\/plugins\/all-in-one-wp-migration\/storage\/l4g0rsescppw\/export.log): No such file or directory","File":"\/var\/www\/html\/wp-content\/plugins\/all-in-one-wp-migration\/lib\/model\/export\/class-ai1wm-export-clean.php","Line":31}

Jan 01 2017 23:19:31
{"Number":2,"Message":"unlink(\/var\/www\/html\/wp-content\/plugins\/all-in-one-wp-migration\/storage\/l4g0rsescppw\/export.log): No such file or directory","File":"\/var\/www\/html\/wp-content\/plugins\/all-in-one-wp-migration\/lib\/model\/export\/class-ai1wm-export-clean.php","Line":31}

Jan 01 2017 23:19:32
{"Number":2,"Message":"unlink(\/var\/www\/html\/wp-content\/plugins\/all-in-one-wp-migration\/storage\/l4g0rsescppw\/export.log): No such file or directory","File":"\/var\/www\/html\/wp-content\/plugins\/all-in-one-wp-migration\/lib\/model\/export\/class-ai1wm-export-clean.php","Line":31}

Jan 01 2017 23:19:34
{"Number":2,"Message":"unlink(\/var\/www\/html\/wp-content\/plugins\/all-in-one-wp-migration\/storage\/l4g0rsescppw\/export.log): No such file or directory","File":"\/var\/www\/html\/wp-content\/plugins\/all-in-one-wp-migration\/lib\/model\/export\/class-ai1wm-export-clean.php","Line":31}

Jan 01 2017 23:19:35
{"Number":2,"Message":"unlink(\/var\/www\/html\/wp-content\/plugins\/all-in-one-wp-migration\/storage\/l4g0rsescppw\/export.log): No such file or directory","File":"\/var\/www\/html\/wp-content\/plugins\/all-in-one-wp-migration\/lib\/model\/export\/class-ai1wm-export-clean.php","Line":31}

Jan 01 2017 23:19:38
{"Number":2,"Message":"unlink(\/var\/www\/html\/wp-content\/plugins\/all-in-one-wp-migration\/storage\/l4g0rsescppw\/export.log): No such file or directory","File":"\/var\/www\/html\/wp-content\/plugins\/all-in-one-wp-migration\/lib\/model\/export\/class-ai1wm-export-clean.php","Line":31}

Jan 01 2017 23:19:39
{"Number":2,"Message":"unlink(\/var\/www\/html\/wp-content\/plugins\/all-in-one-wp-migration\/storage\/l4g0rsescppw\/export.log): No such file or directory","File":"\/var\/www\/html\/wp-content\/plugins\/all-in-one-wp-migration\/lib\/model\/export\/class-ai1wm-export-clean.php","Line":31}

Jan 01 2017 23:19:41
{"Number":2,"Message":"unlink(\/var\/www\/html\/wp-content\/plugins\/all-in-one-wp-migration\/storage\/l4g0rsescppw\/export.log): No such file or directory","File":"\/var\/www\/html\/wp-content\/plugins\/all-in-one-wp-migration\/lib\/model\/export\/class-ai1wm-export-clean.php","Line":31}

Jan 01 2017 23:19:42
{"Number":2,"Message":"unlink(\/var\/www\/html\/wp-content\/plugins\/all-in-one-wp-migration\/storage\/l4g0rsescppw\/export.log): No such file or directory","File":"\/var\/www\/html\/wp-content\/plugins\/all-in-one-wp-migration\/lib\/model\/export\/class-ai1wm-export-clean.php","Line":31}

Jan 01 2017 23:19:44
{"Number":2,"Message":"unlink(\/var\/www\/html\/wp-content\/plugins\/all-in-one-wp-migration\/storage\/l4g0rsescppw\/export.log): No such file or directory","File":"\/var\/www\/html\/wp-content\/plugins\/all-in-one-wp-migration\/lib\/model\/export\/class-ai1wm-export-clean.php","Line":31}

Jan 01 2017 23:19:45
{"Number":2,"Message":"unlink(\/var\/www\/html\/wp-content\/plugins\/all-in-one-wp-migration\/storage\/l4g0rsescppw\/export.log): No such file or directory","File":"\/var\/www\/html\/wp-content\/plugins\/all-in-one-wp-migration\/lib\/model\/export\/class-ai1wm-export-clean.php","Line":31}

Jan 01 2017 23:19:47
{"Number":2,"Message":"unlink(\/var\/www\/html\/wp-content\/plugins\/all-in-one-wp-migration\/storage\/l4g0rsescppw\/export.log): No such file or directory","File":"\/var\/www\/html\/wp-content\/plugins\/all-in-one-wp-migration\/lib\/model\/export\/class-ai1wm-export-clean.php","Line":31}

Jan 01 2017 23:19:48
{"Number":2,"Message":"unlink(\/var\/www\/html\/wp-content\/plugins\/all-in-one-wp-migration\/storage\/l4g0rsescppw\/export.log): No such file or directory","File":"\/var\/www\/html\/wp-content\/plugins\/all-in-one-wp-migration\/lib\/model\/export\/class-ai1wm-export-clean.php","Line":31}

Jan 01 2017 23:19:50
{"Number":2,"Message":"unlink(\/var\/www\/html\/wp-content\/plugins\/all-in-one-wp-migration\/storage\/l4g0rsescppw\/export.log): No such file or directory","File":"\/var\/www\/html\/wp-content\/plugins\/all-in-one-wp-migration\/lib\/model\/export\/class-ai1wm-export-clean.php","Line":31}

Jan 01 2017 23:19:51
{"Number":2,"Message":"unlink(\/var\/www\/html\/wp-content\/plugins\/all-in-one-wp-migration\/storage\/l4g0rsescppw\/export.log): No such file or directory","File":"\/var\/www\/html\/wp-content\/plugins\/all-in-one-wp-migration\/lib\/model\/export\/class-ai1wm-export-clean.php","Line":31}

Jan 01 2017 23:19:54
{"Number":2,"Message":"unlink(\/var\/www\/html\/wp-content\/plugins\/all-in-one-wp-migration\/storage\/l4g0rsescppw\/export.log): No such file or directory","File":"\/var\/www\/html\/wp-content\/plugins\/all-in-one-wp-migration\/lib\/model\/export\/class-ai1wm-export-clean.php","Line":31}

Jan 01 2017 23:19:55
{"Number":2,"Message":"unlink(\/var\/www\/html\/wp-content\/plugins\/all-in-one-wp-migration\/storage\/l4g0rsescppw\/export.log): No such file or directory","File":"\/var\/www\/html\/wp-content\/plugins\/all-in-one-wp-migration\/lib\/model\/export\/class-ai1wm-export-clean.php","Line":31}

Jan 01 2017 23:19:56
{"Number":2,"Message":"unlink(\/var\/www\/html\/wp-content\/plugins\/all-in-one-wp-migration\/storage\/l4g0rsescppw\/export.log): No such file or directory","File":"\/var\/www\/html\/wp-content\/plugins\/all-in-one-wp-migration\/lib\/model\/export\/class-ai1wm-export-clean.php","Line":31}

Jan 01 2017 23:19:58
{"Number":2,"Message":"unlink(\/var\/www\/html\/wp-content\/plugins\/all-in-one-wp-migration\/storage\/l4g0rsescppw\/export.log): No such file or directory","File":"\/var\/www\/html\/wp-content\/plugins\/all-in-one-wp-migration\/lib\/model\/export\/class-ai1wm-export-clean.php","Line":31}

Jan 01 2017 23:19:59
{"Number":2,"Message":"unlink(\/var\/www\/html\/wp-content\/plugins\/all-in-one-wp-migration\/storage\/l4g0rsescppw\/export.log): No such file or directory","File":"\/var\/www\/html\/wp-content\/plugins\/all-in-one-wp-migration\/lib\/model\/export\/class-ai1wm-export-clean.php","Line":31}

Jan 01 2017 23:20:01
{"Number":2,"Message":"unlink(\/var\/www\/html\/wp-content\/plugins\/all-in-one-wp-migration\/storage\/l4g0rsescppw\/export.log): No such file or directory","File":"\/var\/www\/html\/wp-content\/plugins\/all-in-one-wp-migration\/lib\/model\/export\/class-ai1wm-export-clean.php","Line":31}

Jan 01 2017 23:20:02
{"Number":2,"Message":"unlink(\/var\/www\/html\/wp-content\/plugins\/all-in-one-wp-migration\/storage\/l4g0rsescppw\/export.log): No such file or directory","File":"\/var\/www\/html\/wp-content\/plugins\/all-in-one-wp-migration\/lib\/model\/export\/class-ai1wm-export-clean.php","Line":31}

Jan 01 2017 23:20:03
{"Number":2,"Message":"unlink(\/var\/www\/html\/wp-content\/plugins\/all-in-one-wp-migration\/storage\/l4g0rsescppw\/export.log): No such file or directory","File":"\/var\/www\/html\/wp-content\/plugins\/all-in-one-wp-migration\/lib\/model\/export\/class-ai1wm-export-clean.php","Line":31}

Jan 01 2017 23:20:05
{"Number":2,"Message":"unlink(\/var\/www\/html\/wp-content\/plugins\/all-in-one-wp-migration\/storage\/l4g0rsescppw\/export.log): No such file or directory","File":"\/var\/www\/html\/wp-content\/plugins\/all-in-one-wp-migration\/lib\/model\/export\/class-ai1wm-export-clean.php","Line":31}

Jan 01 2017 23:20:06
{"Number":2,"Message":"unlink(\/var\/www\/html\/wp-content\/plugins\/all-in-one-wp-migration\/storage\/l4g0rsescppw\/export.log): No such file or directory","File":"\/var\/www\/html\/wp-content\/plugins\/all-in-one-wp-migration\/lib\/model\/export\/class-ai1wm-export-clean.php","Line":31}

Jan 01 2017 23:20:08
{"Number":2,"Message":"unlink(\/var\/www\/html\/wp-content\/plugins\/all-in-one-wp-migration\/storage\/l4g0rsescppw\/export.log): No such file or directory","File":"\/var\/www\/html\/wp-content\/plugins\/all-in-one-wp-migration\/lib\/model\/export\/class-ai1wm-export-clean.php","Line":31}

Jan 01 2017 23:20:09
{"Number":2,"Message":"unlink(\/var\/www\/html\/wp-content\/plugins\/all-in-one-wp-migration\/storage\/l4g0rsescppw\/export.log): No such file or directory","File":"\/var\/www\/html\/wp-content\/plugins\/all-in-one-wp-migration\/lib\/model\/export\/class-ai1wm-export-clean.php","Line":31}

Jan 01 2017 23:20:10
{"Number":2,"Message":"unlink(\/var\/www\/html\/wp-content\/plugins\/all-in-one-wp-migration\/storage\/l4g0rsescppw\/export.log): No such file or directory","File":"\/var\/www\/html\/wp-content\/plugins\/all-in-one-wp-migration\/lib\/model\/export\/class-ai1wm-export-clean.php","Line":31}

Jan 01 2017 23:20:13
{"Number":2,"Message":"unlink(\/var\/www\/html\/wp-content\/plugins\/all-in-one-wp-migration\/storage\/l4g0rsescppw\/export.log): No such file or directory","File":"\/var\/www\/html\/wp-content\/plugins\/all-in-one-wp-migration\/lib\/model\/export\/class-ai1wm-export-clean.php","Line":31}

Jan 01 2017 23:20:14
{"Number":2,"Message":"unlink(\/var\/www\/html\/wp-content\/plugins\/all-in-one-wp-migration\/storage\/l4g0rsescppw\/export.log): No such file or directory","File":"\/var\/www\/html\/wp-content\/plugins\/all-in-one-wp-migration\/lib\/model\/export\/class-ai1wm-export-clean.php","Line":31}

Jan 01 2017 23:21:36
{"Number":2,"Message":"unlink(\/var\/www\/html\/wp-content\/plugins\/all-in-one-wp-migration\/storage\/omcf93s15kf6\/export.log): No such file or directory","File":"\/var\/www\/html\/wp-content\/plugins\/all-in-one-wp-migration\/lib\/model\/export\/class-ai1wm-export-clean.php","Line":31}

Jan 01 2017 23:21:39
{"Number":2,"Message":"unlink(\/var\/www\/html\/wp-content\/plugins\/all-in-one-wp-migration\/storage\/omcf93s15kf6\/export.log): No such file or directory","File":"\/var\/www\/html\/wp-content\/plugins\/all-in-one-wp-migration\/lib\/model\/export\/class-ai1wm-export-clean.php","Line":31}

Jan 01 2017 23:21:43
{"Number":2,"Message":"unlink(\/var\/www\/html\/wp-content\/plugins\/all-in-one-wp-migration\/storage\/omcf93s15kf6\/export.log): No such file or directory","File":"\/var\/www\/html\/wp-content\/plugins\/all-in-one-wp-migration\/lib\/model\/export\/class-ai1wm-export-clean.php","Line":31}

Jan 01 2017 23:21:47
{"Number":2,"Message":"unlink(\/var\/www\/html\/wp-content\/plugins\/all-in-one-wp-migration\/storage\/omcf93s15kf6\/export.log): No such file or directory","File":"\/var\/www\/html\/wp-content\/plugins\/all-in-one-wp-migration\/lib\/model\/export\/class-ai1wm-export-clean.php","Line":31}

Jan 01 2017 23:21:53
{"Number":2,"Message":"unlink(\/var\/www\/html\/wp-content\/plugins\/all-in-one-wp-migration\/storage\/omcf93s15kf6\/export.log): No such file or directory","File":"\/var\/www\/html\/wp-content\/plugins\/all-in-one-wp-migration\/lib\/model\/export\/class-ai1wm-export-clean.php","Line":31}

Jan 02 2017 01:41:44
{"Number":2,"Message":"unlink(\/var\/www\/html\/wp-content\/plugins\/all-in-one-wp-migration\/storage\/912hfwhq3oiu\/export.log): No such file or directory","File":"\/var\/www\/html\/wp-content\/plugins\/all-in-one-wp-migration\/lib\/model\/export\/class-ai1wm-export-clean.php","Line":31}

Jan 02 2017 01:41:48
{"Number":2,"Message":"unlink(\/var\/www\/html\/wp-content\/plugins\/all-in-one-wp-migration\/storage\/912hfwhq3oiu\/export.log): No such file or directory","File":"\/var\/www\/html\/wp-content\/plugins\/all-in-one-wp-migration\/lib\/model\/export\/class-ai1wm-export-clean.php","Line":31}

Jan 02 2017 01:41:52
{"Number":2,"Message":"unlink(\/var\/www\/html\/wp-content\/plugins\/all-in-one-wp-migration\/storage\/912hfwhq3oiu\/export.log): No such file or directory","File":"\/var\/www\/html\/wp-content\/plugins\/all-in-one-wp-migration\/lib\/model\/export\/class-ai1wm-export-clean.php","Line":31}

Jan 02 2017 01:41:57
{"Number":2,"Message":"unlink(\/var\/www\/html\/wp-content\/plugins\/all-in-one-wp-migration\/storage\/912hfwhq3oiu\/export.log): No such file or directory","File":"\/var\/www\/html\/wp-content\/plugins\/all-in-one-wp-migration\/lib\/model\/export\/class-ai1wm-export-clean.php","Line":31}

Jan 02 2017 01:42:03
{"Number":2,"Message":"unlink(\/var\/www\/html\/wp-content\/plugins\/all-in-one-wp-migration\/storage\/912hfwhq3oiu\/export.log): No such file or directory","File":"\/var\/www\/html\/wp-content\/plugins\/all-in-one-wp-migration\/lib\/model\/export\/class-ai1wm-export-clean.php","Line":31}

Jan 03 2017 22:49:11
{"Number":2,"Message":"unlink(\/var\/www\/html\/wp-content\/plugins\/all-in-one-wp-migration\/storage\/s6m3pmzjdxfr\/export.log): No such file or directory","File":"\/var\/www\/html\/wp-content\/plugins\/all-in-one-wp-migration\/lib\/model\/export\/class-ai1wm-export-clean.php","Line":31}

Jan 03 2017 22:49:14
{"Number":2,"Message":"unlink(\/var\/www\/html\/wp-content\/plugins\/all-in-one-wp-migration\/storage\/s6m3pmzjdxfr\/export.log): No such file or directory","File":"\/var\/www\/html\/wp-content\/plugins\/all-in-one-wp-migration\/lib\/model\/export\/class-ai1wm-export-clean.php","Line":31}

Jan 03 2017 22:49:19
{"Number":2,"Message":"unlink(\/var\/www\/html\/wp-content\/plugins\/all-in-one-wp-migration\/storage\/s6m3pmzjdxfr\/export.log): No such file or directory","File":"\/var\/www\/html\/wp-content\/plugins\/all-in-one-wp-migration\/lib\/model\/export\/class-ai1wm-export-clean.php","Line":31}

Jan 03 2017 22:49:24
{"Number":2,"Message":"unlink(\/var\/www\/html\/wp-content\/plugins\/all-in-one-wp-migration\/storage\/s6m3pmzjdxfr\/export.log): No such file or directory","File":"\/var\/www\/html\/wp-content\/plugins\/all-in-one-wp-migration\/lib\/model\/export\/class-ai1wm-export-clean.php","Line":31}

Jan 03 2017 22:49:30
{"Number":2,"Message":"unlink(\/var\/www\/html\/wp-content\/plugins\/all-in-one-wp-migration\/storage\/s6m3pmzjdxfr\/export.log): No such file or directory","File":"\/var\/www\/html\/wp-content\/plugins\/all-in-one-wp-migration\/lib\/model\/export\/class-ai1wm-export-clean.php","Line":31}

Jan 07 2017 02:27:17
{"Number":2,"Message":"unlink(\/var\/www\/html\/wp-content\/plugins\/all-in-one-wp-migration\/storage\/z02xucjcahjy\/export.log): No such file or directory","File":"\/var\/www\/html\/wp-content\/plugins\/all-in-one-wp-migration\/lib\/model\/export\/class-ai1wm-export-clean.php","Line":31}

Jan 07 2017 02:27:19
{"Number":2,"Message":"unlink(\/var\/www\/html\/wp-content\/plugins\/all-in-one-wp-migration\/storage\/z02xucjcahjy\/export.log): No such file or directory","File":"\/var\/www\/html\/wp-content\/plugins\/all-in-one-wp-migration\/lib\/model\/export\/class-ai1wm-export-clean.php","Line":31}

Jan 07 2017 02:27:22
{"Number":2,"Message":"unlink(\/var\/www\/html\/wp-content\/plugins\/all-in-one-wp-migration\/storage\/z02xucjcahjy\/export.log): No such file or directory","File":"\/var\/www\/html\/wp-content\/plugins\/all-in-one-wp-migration\/lib\/model\/export\/class-ai1wm-export-clean.php","Line":31}

Jan 07 2017 02:27:27
{"Number":2,"Message":"unlink(\/var\/www\/html\/wp-content\/plugins\/all-in-one-wp-migration\/storage\/z02xucjcahjy\/export.log): No such file or directory","File":"\/var\/www\/html\/wp-content\/plugins\/all-in-one-wp-migration\/lib\/model\/export\/class-ai1wm-export-clean.php","Line":31}

Jan 07 2017 02:27:32
{"Number":2,"Message":"unlink(\/var\/www\/html\/wp-content\/plugins\/all-in-one-wp-migration\/storage\/z02xucjcahjy\/export.log): No such file or directory","File":"\/var\/www\/html\/wp-content\/plugins\/all-in-one-wp-migration\/lib\/model\/export\/class-ai1wm-export-clean.php","Line":31}

Jan 08 2017 03:02:54
{"Number":2,"Message":"unlink(\/var\/www\/html\/wp-content\/plugins\/all-in-one-wp-migration\/storage\/8awehtqkkh4m\/export.log): No such file or directory","File":"\/var\/www\/html\/wp-content\/plugins\/all-in-one-wp-migration\/lib\/model\/export\/class-ai1wm-export-clean.php","Line":31}

Jan 08 2017 03:02:56
{"Number":2,"Message":"unlink(\/var\/www\/html\/wp-content\/plugins\/all-in-one-wp-migration\/storage\/8awehtqkkh4m\/export.log): No such file or directory","File":"\/var\/www\/html\/wp-content\/plugins\/all-in-one-wp-migration\/lib\/model\/export\/class-ai1wm-export-clean.php","Line":31}

Jan 08 2017 03:03:00
{"Number":2,"Message":"unlink(\/var\/www\/html\/wp-content\/plugins\/all-in-one-wp-migration\/storage\/8awehtqkkh4m\/export.log): No such file or directory","File":"\/var\/www\/html\/wp-content\/plugins\/all-in-one-wp-migration\/lib\/model\/export\/class-ai1wm-export-clean.php","Line":31}

Jan 08 2017 03:03:04
{"Number":2,"Message":"unlink(\/var\/www\/html\/wp-content\/plugins\/all-in-one-wp-migration\/storage\/8awehtqkkh4m\/export.log): No such file or directory","File":"\/var\/www\/html\/wp-content\/plugins\/all-in-one-wp-migration\/lib\/model\/export\/class-ai1wm-export-clean.php","Line":31}

Jan 08 2017 03:03:09
{"Number":2,"Message":"unlink(\/var\/www\/html\/wp-content\/plugins\/all-in-one-wp-migration\/storage\/8awehtqkkh4m\/export.log): No such file or directory","File":"\/var\/www\/html\/wp-content\/plugins\/all-in-one-wp-migration\/lib\/model\/export\/class-ai1wm-export-clean.php","Line":31}

